2021-02-01 18:09:01 INFO  Handler:42 - Это информационное сообщение!
2021-02-01 18:09:28 INFO  Handler:42 - Это информационное сообщение!
2021-02-01 18:09:34 INFO  Handler:42 - Это информационное сообщение!
2021-02-01 18:18:19 INFO  Handler:73 - POST Request OK
2021-02-01 18:18:19 INFO  Handler:52 - GET Request OK
2021-02-01 18:18:42 INFO  Handler:52 - GET Request OK
2021-02-01 18:18:46 INFO  Handler:52 - GET Request OK
2021-02-01 18:18:59 INFO  Handler:73 - POST Request OK
2021-02-01 18:18:59 INFO  Handler:52 - GET Request OK
2021-02-01 18:21:52 INFO  Handler:52 - GET Request OK
2021-02-01 18:25:54 INFO  Handler:52 - GET Request OK
2021-02-01 18:25:59 INFO  Handler:52 - GET Request OK
2021-02-01 18:26:03 INFO  Handler:73 - POST Request OK
2021-02-01 18:26:03 INFO  Handler:52 - GET Request OK
2021-02-01 18:27:36 INFO  Handler:52 - GET Request OK
2021-02-01 18:28:08 INFO  Handler:52 - GET Request OK
2021-02-01 18:35:22 INFO  Handler:52 - GET Request OK
2021-02-01 18:35:23 INFO  Handler:57 - GET Request Fail
2021-02-01 18:35:32 INFO  Handler:57 - GET Request Fail
2021-02-01 18:37:49 INFO  Handler:57 - GET Request Fail
2021-02-01 18:37:50 INFO  Handler:57 - GET Request Fail
2021-02-01 18:38:07 INFO  Handler:52 - GET Request OK
2021-02-01 18:39:35 INFO  Handler:52 - GET Request OK
2021-02-01 18:39:36 INFO  Handler:57 - GET Request Fail
2021-02-01 18:39:38 INFO  Handler:52 - GET Request OK
2021-02-01 18:39:41 INFO  Handler:52 - GET Request OK
2021-02-01 18:39:42 INFO  Handler:52 - GET Request OK
2021-02-01 18:39:42 INFO  Handler:52 - GET Request OK
2021-02-01 18:39:43 INFO  Handler:52 - GET Request OK
2021-02-01 18:39:43 INFO  Handler:52 - GET Request OK
2021-02-01 18:39:43 INFO  Handler:52 - GET Request OK
2021-02-01 18:39:44 INFO  Handler:52 - GET Request OK
2021-02-01 18:39:45 INFO  Handler:52 - GET Request OK
2021-02-01 18:39:45 INFO  Handler:52 - GET Request OK
2021-02-01 18:39:45 INFO  Handler:52 - GET Request OK
2021-02-01 18:39:46 INFO  Handler:52 - GET Request OK
2021-02-01 18:39:46 INFO  Handler:52 - GET Request OK
2021-02-01 18:39:47 INFO  Handler:52 - GET Request OK
2021-02-01 18:39:47 INFO  Handler:52 - GET Request OK
2021-02-01 18:39:48 INFO  Handler:52 - GET Request OK
2021-02-01 18:39:48 INFO  Handler:52 - GET Request OK
2021-02-01 18:39:48 INFO  Handler:52 - GET Request OK
2021-02-01 18:39:49 INFO  Handler:52 - GET Request OK
2021-02-01 18:39:49 INFO  Handler:52 - GET Request OK
2021-02-01 18:39:50 INFO  Handler:52 - GET Request OK
2021-02-01 18:39:50 INFO  Handler:52 - GET Request OK
2021-02-01 18:40:55 INFO  Handler:52 - GET Request OK
2021-02-01 18:40:56 INFO  Handler:52 - GET Request OK
2021-02-01 18:40:57 INFO  Handler:52 - GET Request OK
2021-02-01 18:40:57 INFO  Handler:52 - GET Request OK
2021-02-01 18:40:58 INFO  Handler:52 - GET Request OK
2021-02-01 18:40:59 INFO  Handler:52 - GET Request OK
2021-02-01 18:41:11 INFO  Handler:57 - GET Request Fail
2021-02-01 18:47:05 INFO  Handler:57 - GET Request Fail
2021-02-01 18:47:09 INFO  Handler:52 - GET Request OK
2021-02-01 18:47:49 INFO  Handler:52 - GET Request OK
2021-02-01 18:48:16 INFO  Handler:52 - GET Request OK
2021-02-01 18:49:22 INFO  Handler:57 - GET Request Fail
2021-02-01 18:49:30 INFO  Handler:57 - GET Request Fail
2021-02-01 18:49:37 INFO  Handler:57 - GET Request Fail
2021-02-01 18:49:37 INFO  Handler:57 - GET Request Fail
2021-02-01 18:49:42 INFO  Handler:57 - GET Request Fail
2021-02-01 18:50:44 INFO  Handler:57 - GET Request Fail
2021-02-01 18:51:57 INFO  Handler:52 - GET Request OK
2021-02-01 18:52:05 INFO  Handler:52 - GET Request OK
2021-02-01 19:04:06 INFO  Handler:52 - GET Request OK
2021-02-01 19:05:55 INFO  Handler:52 - GET Request OK
2021-02-01 19:06:16 INFO  Handler:52 - GET Request OK
2021-02-01 19:07:26 INFO  Handler:52 - GET Request OK
2021-02-01 19:07:40 INFO  Handler:52 - GET Request OK
2021-02-01 19:07:41 INFO  Handler:52 - GET Request OK
2021-02-01 19:07:41 INFO  Handler:52 - GET Request OK
2021-02-01 19:08:36 INFO  Handler:73 - POST Request OK
2021-02-01 19:08:36 INFO  Handler:52 - GET Request OK
2021-02-01 19:10:13 INFO  Handler:73 - POST Request OK
2021-02-01 19:10:13 INFO  Handler:52 - GET Request OK
2021-02-01 19:10:17 INFO  Handler:73 - POST Request OK
2021-02-01 19:10:17 INFO  Handler:52 - GET Request OK
2021-02-01 19:10:56 INFO  Handler:52 - GET Request OK
2021-02-01 19:11:03 INFO  Handler:52 - GET Request OK
2021-02-01 19:11:10 INFO  Handler:52 - GET Request OK
2021-02-01 19:11:19 INFO  Handler:73 - POST Request OK
2021-02-01 19:11:19 INFO  Handler:52 - GET Request OK
2021-02-01 19:12:26 INFO  Handler:52 - GET Request OK
2021-02-01 19:12:31 INFO  Handler:73 - POST Request OK
2021-02-01 19:12:31 INFO  Handler:52 - GET Request OK
2021-02-01 19:13:20 INFO  Handler:73 - POST Request OK
2021-02-01 19:13:20 INFO  Handler:52 - GET Request OK
2021-02-01 19:13:27 INFO  Handler:73 - POST Request OK
2021-02-01 19:13:27 INFO  Handler:52 - GET Request OK
2021-02-01 19:14:02 INFO  Handler:52 - GET Request OK
2021-02-01 19:14:06 INFO  Handler:73 - POST Request OK
2021-02-01 19:14:06 INFO  Handler:52 - GET Request OK
2021-02-01 19:14:23 INFO  Handler:73 - POST Request OK
2021-02-01 19:14:23 INFO  Handler:52 - GET Request OK
2021-02-01 19:14:38 INFO  Handler:73 - POST Request OK
2021-02-01 19:14:38 INFO  Handler:52 - GET Request OK
2021-02-01 19:14:42 INFO  Handler:73 - POST Request OK
2021-02-01 19:14:42 INFO  Handler:52 - GET Request OK
2021-02-01 19:14:45 INFO  Handler:73 - POST Request OK
2021-02-01 19:14:45 INFO  Handler:52 - GET Request OK
2021-02-01 19:14:50 INFO  Handler:73 - POST Request OK
2021-02-01 19:14:50 INFO  Handler:52 - GET Request OK
2021-02-01 19:14:52 INFO  Handler:73 - POST Request OK
2021-02-01 19:14:52 INFO  Handler:52 - GET Request OK
2021-02-01 19:14:54 INFO  Handler:73 - POST Request OK
2021-02-01 19:14:54 INFO  Handler:52 - GET Request OK
2021-02-01 19:16:31 INFO  Handler:57 - GET Request Fail
2021-02-01 19:21:06 INFO  Handler:57 - GET Request Fail
2021-02-01 19:21:49 INFO  Handler:57 - GET Request Fail
2021-02-01 19:21:57 INFO  Handler:57 - GET Request Fail
2021-02-01 19:24:27 INFO  Handler:57 - GET Request Fail
2021-02-01 19:26:08 INFO  Handler:57 - GET Request Fail
2021-02-01 19:26:14 INFO  Handler:52 - GET Request OK
2021-02-01 19:26:17 INFO  Handler:73 - POST Request OK
2021-02-01 19:26:17 INFO  Handler:52 - GET Request OK
2021-02-01 19:28:51 INFO  Handler:81 - POST Request Fail
2021-02-01 19:28:51 INFO  Handler:57 - GET Request Fail
2021-02-01 19:29:00 INFO  Handler:52 - GET Request OK
2021-02-01 19:30:33 INFO  Handler:57 - GET Request Fail
2021-02-01 19:30:40 INFO  Handler:57 - GET Request Fail
2021-02-01 19:30:42 INFO  Handler:57 - GET Request Fail
2021-02-01 19:30:42 INFO  Handler:57 - GET Request Fail
2021-02-01 19:30:58 INFO  Handler:57 - GET Request Fail
2021-02-01 19:30:59 INFO  Handler:52 - GET Request OK
2021-02-01 19:31:11 INFO  Handler:52 - GET Request OK
2021-02-01 19:31:19 INFO  Handler:73 - POST Request OK
2021-02-01 19:31:19 INFO  Handler:52 - GET Request OK
2021-02-01 19:35:50 INFO  Handler:73 - POST Request OK
2021-02-01 19:35:50 INFO  Handler:52 - GET Request OK
2021-02-01 19:40:59 INFO  Handler:52 - GET Request OK
2021-02-01 19:41:03 INFO  Handler:57 - GET Request Fail
2021-02-01 19:41:09 INFO  Handler:57 - GET Request Fail
2021-02-01 19:41:15 INFO  Handler:52 - GET Request OK
2021-02-01 19:41:33 INFO  Handler:52 - GET Request OK
2021-02-01 19:41:41 INFO  Handler:73 - POST Request OK
2021-02-01 19:41:41 INFO  Handler:52 - GET Request OK
2021-02-01 20:05:01 INFO  Handler:79 - POST Request OK
2021-02-01 20:05:01 INFO  Handler:58 - GET Request OK
2021-02-01 20:05:38 INFO  Handler:79 - POST Request OK
2021-02-01 20:05:38 INFO  Handler:58 - GET Request OK
2021-02-01 20:06:17 INFO  Handler:79 - POST Request OK
2021-02-01 20:06:17 INFO  Handler:58 - GET Request OK
2021-02-01 20:06:45 INFO  Handler:79 - POST Request OK
2021-02-01 20:06:45 INFO  Handler:58 - GET Request OK
2021-02-01 20:10:11 INFO  Handler:79 - POST Request OK
2021-02-01 20:10:11 INFO  Handler:58 - GET Request OK
2021-02-01 20:11:27 INFO  Handler:79 - POST Request OK
2021-02-01 20:11:27 INFO  Handler:58 - GET Request OK
2021-02-01 20:12:09 INFO  Handler:58 - GET Request OK
2021-02-01 20:12:54 INFO  Handler:58 - GET Request OK
2021-02-01 20:13:04 INFO  Handler:58 - GET Request OK
2021-02-01 20:13:58 INFO  Handler:58 - GET Request OK
2021-02-01 20:14:06 INFO  Handler:58 - GET Request OK
2021-02-01 20:15:20 INFO  Handler:59 - GET Request OK
2021-02-01 20:15:27 INFO  Handler:59 - GET Request OK
2021-02-01 23:29:27 INFO  Handler:59 - GET Request OK
2021-02-01 23:29:55 INFO  Handler:59 - GET Request OK
2021-02-01 23:30:32 INFO  Handler:59 - GET Request OK
2021-02-01 23:31:14 INFO  Handler:59 - GET Request OK
2021-02-01 23:31:30 INFO  Handler:59 - GET Request OK
2021-02-01 23:33:35 INFO  Handler:59 - GET Request OK
2021-02-01 23:33:39 INFO  Handler:59 - GET Request OK
2021-02-01 23:33:40 INFO  Handler:59 - GET Request OK
2021-02-01 23:34:49 INFO  Handler:59 - GET Request OK
2021-02-01 23:35:32 INFO  Handler:59 - GET Request OK
2021-02-01 23:36:06 INFO  Handler:59 - GET Request OK
2021-02-01 23:36:26 INFO  Handler:59 - GET Request OK
2021-02-01 23:36:29 INFO  Handler:59 - GET Request OK
2021-02-01 23:37:13 INFO  Handler:59 - GET Request OK
2021-02-01 23:37:18 INFO  Handler:59 - GET Request OK
2021-02-01 23:39:56 INFO  Handler:59 - GET Request OK
2021-02-01 23:41:04 INFO  Handler:59 - GET Request OK
2021-02-01 23:41:47 INFO  Handler:59 - GET Request OK
2021-02-01 23:41:58 INFO  Handler:59 - GET Request OK
2021-02-01 23:55:58 INFO  Handler:59 - GET Request OK
2021-02-01 23:56:07 INFO  Handler:59 - GET Request OK
2021-02-01 23:56:32 INFO  Handler:59 - GET Request OK
2021-02-01 23:56:46 INFO  Handler:59 - GET Request OK
2021-02-01 23:58:37 INFO  Handler:59 - GET Request OK
2021-02-01 23:58:47 INFO  Handler:59 - GET Request OK
2021-02-01 23:59:19 INFO  Handler:59 - GET Request OK
2021-02-01 23:59:33 INFO  Handler:59 - GET Request OK
2021-02-02 00:06:53 INFO  Handler:59 - GET Request OK
2021-02-02 00:08:30 INFO  Handler:59 - GET Request OK
2021-02-02 00:19:30 INFO  Handler:51 - GET Request OK
2021-02-02 00:29:03 INFO  Handler:51 - GET Request OK
2021-02-02 00:29:37 INFO  Handler:51 - GET Request OK
2021-02-02 00:29:38 INFO  Handler:51 - GET Request OK
2021-02-02 00:29:39 INFO  Handler:51 - GET Request OK
2021-02-02 00:29:39 INFO  Handler:51 - GET Request OK
2021-02-02 00:29:39 INFO  Handler:51 - GET Request OK
2021-02-02 00:29:39 INFO  Handler:51 - GET Request OK
2021-02-02 00:29:40 INFO  Handler:51 - GET Request OK
2021-02-02 00:29:40 INFO  Handler:51 - GET Request OK
2021-02-02 00:29:40 INFO  Handler:51 - GET Request OK
2021-02-02 00:29:40 INFO  Handler:51 - GET Request OK
2021-02-02 00:29:40 INFO  Handler:51 - GET Request OK
2021-02-02 00:29:40 INFO  Handler:51 - GET Request OK
2021-02-02 00:31:00 INFO  Handler:51 - GET Request OK
2021-02-02 00:31:17 INFO  Handler:51 - GET Request OK
2021-02-02 00:31:19 INFO  Handler:51 - GET Request OK
2021-02-02 00:31:19 INFO  Handler:51 - GET Request OK
2021-02-02 00:31:19 INFO  Handler:51 - GET Request OK
2021-02-02 00:31:20 INFO  Handler:51 - GET Request OK
2021-02-02 00:31:20 INFO  Handler:51 - GET Request OK
2021-02-02 00:31:21 INFO  Handler:51 - GET Request OK
2021-02-02 00:31:21 INFO  Handler:51 - GET Request OK
2021-02-02 00:31:21 INFO  Handler:51 - GET Request OK
2021-02-02 00:31:21 INFO  Handler:51 - GET Request OK
2021-02-02 00:31:21 INFO  Handler:51 - GET Request OK
2021-02-02 00:31:22 INFO  Handler:51 - GET Request OK
2021-02-02 00:31:22 INFO  Handler:51 - GET Request OK
2021-02-02 00:31:43 INFO  Handler:56 - GET Request Fail
2021-02-02 00:32:15 INFO  Handler:52 - GET Request OK
2021-02-02 00:32:16 INFO  Handler:52 - GET Request OK
2021-02-02 00:32:36 INFO  Handler:52 - GET Request OK
2021-02-02 00:33:16 INFO  Handler:52 - GET Request OK
2021-02-02 00:33:34 INFO  Handler:52 - GET Request OK
2021-02-02 00:35:00 INFO  Handler:52 - GET Request OK
2021-02-02 00:35:14 INFO  Handler:52 - GET Request OK
2021-02-02 00:38:54 INFO  Handler:52 - GET Request OK
2021-02-02 00:39:10 INFO  Handler:52 - GET Request OK
2021-02-02 00:41:10 INFO  Handler:57 - GET Request Fail
2021-02-02 00:42:32 INFO  Handler:52 - GET Request OK
2021-02-02 00:43:12 INFO  Handler:52 - GET Request OK
2021-02-02 00:43:13 INFO  Handler:52 - GET Request OK
2021-02-02 00:43:14 INFO  Handler:52 - GET Request OK
2021-02-02 00:43:16 INFO  Handler:52 - GET Request OK
2021-02-02 00:43:43 INFO  Handler:52 - GET Request OK
2021-02-02 00:43:58 INFO  Handler:52 - GET Request OK
2021-02-02 00:43:59 INFO  Handler:57 - GET Request Fail
2021-02-02 00:44:00 INFO  Handler:57 - GET Request Fail
2021-02-02 00:44:01 INFO  Handler:57 - GET Request Fail
2021-02-02 00:44:49 INFO  Handler:52 - GET Request OK
2021-02-02 00:45:13 INFO  Handler:52 - GET Request OK
2021-02-02 00:45:13 INFO  Handler:57 - GET Request Fail
2021-02-02 00:45:19 INFO  Handler:52 - GET Request OK
2021-02-02 12:02:16 INFO  Handler:56 - GET Request Fail
2021-02-02 12:02:19 INFO  Handler:56 - GET Request Fail
2021-02-02 12:02:40 INFO  Handler:56 - GET Request Fail
2021-02-02 12:02:43 INFO  Handler:56 - GET Request Fail
2021-02-02 12:03:14 INFO  Handler:51 - GET Request OK
2021-02-02 12:03:29 INFO  Handler:51 - GET Request OK
2021-02-02 12:03:30 INFO  Handler:56 - GET Request Fail
2021-02-02 12:03:30 INFO  Handler:56 - GET Request Fail
2021-02-02 12:03:35 INFO  Handler:56 - GET Request Fail
2021-02-02 12:03:39 INFO  Handler:51 - GET Request OK
2021-02-03 14:03:55 INFO  Handler:51 - GET Request OK
2021-02-03 14:03:55 INFO  Handler:56 - GET Request Fail
2021-02-03 14:05:02 INFO  Handler:56 - GET Request Fail
2021-02-03 14:05:07 INFO  Handler:51 - GET Request OK
2021-02-03 14:05:41 INFO  Handler:56 - GET Request Fail
2021-02-03 14:05:42 INFO  Handler:51 - GET Request OK
2021-02-03 14:05:53 INFO  Handler:51 - GET Request OK
2021-02-03 14:05:57 INFO  Handler:72 - POST Request OK
2021-02-03 14:05:57 INFO  Handler:51 - GET Request OK
2021-02-03 14:39:01 INFO  Handler:51 - GET Request OK
2021-02-03 14:39:04 INFO  Handler:51 - GET Request OK
2021-02-03 14:39:17 INFO  Handler:51 - GET Request OK
2021-02-03 14:41:33 INFO  Handler:56 - GET Request Fail
2021-02-03 15:44:58 INFO  Handler:72 - POST Request OK
2021-02-03 15:44:58 INFO  Handler:51 - GET Request OK
2021-02-03 15:45:06 INFO  Handler:51 - GET Request OK
2021-02-03 15:45:34 INFO  Handler:51 - GET Request OK
2021-02-03 15:45:45 INFO  Handler:51 - GET Request OK
